NOTICE 2015.09.18.03.24.37 player moved down
NOTICE 2015.09.18.03.24.37 player moved down
NOTICE 2015.09.18.03.24.37 player moved down
NOTICE 2015.09.18.03.24.37 player moved down
NOTICE 2015.09.18.03.24.37 player moved down
NOTICE 2015.09.18.03.24.37 player moved down
NOTICE 2015.09.18.03.24.37 player moved down
NOTICE 2015.09.18.03.24.37 player moved down
NOTICE 2015.09.18.03.24.37 player moved down
NOTICE 2015.09.18.03.24.37 player moved down
NOTICE 2015.09.18.03.24.37 player moved left
NOTICE 2015.09.18.03.24.37 player moved left
NOTICE 2015.09.18.03.24.37 player moved left
NOTICE 2015.09.18.03.24.37 player moved left
NOTICE 2015.09.18.03.24.37 player moved left
NOTICE 2015.09.18.03.24.37 player moved left
NOTICE 2015.09.18.03.24.37 player moved left
NOTICE 2015.09.18.03.24.37 player moved left
NOTICE 2015.09.18.03.24.37 player moved left
NOTICE 2015.09.18.03.24.37 player moved left
NOTICE 2015.09.18.03.24.37 player moved left
NOTICE 2015.09.18.03.24.37 player moved left
NOTICE 2015.09.18.03.24.37 player moved left
NOTICE 2015.09.18.03.24.37 player moved left
NOTICE 2015.09.18.03.24.37 player moved left
NOTICE 2015.09.18.03.24.37 player moved left
NOTICE 2015.09.18.03.24.38 player moved left
NOTICE 2015.09.18.03.24.38 player moved left
NOTICE 2015.09.18.03.24.38 player moved left
NOTICE 2015.09.18.03.24.38 player moved left
NOTICE 2015.09.18.03.24.38 player moved left
NOTICE 2015.09.18.03.24.38 player moved left
NOTICE 2015.09.18.03.24.38 player moved left
NOTICE 2015.09.18.03.24.38 player moved left
NOTICE 2015.09.18.03.24.38 player moved left
NOTICE 2015.09.18.03.24.38 player moved left
NOTICE 2015.09.18.03.24.38 player moved left
NOTICE 2015.09.18.03.24.38 player moved left
NOTICE 2015.09.18.03.24.38 player moved left
NOTICE 2015.09.18.03.24.38 player moved left
NOTICE 2015.09.18.03.24.38 player moved left
NOTICE 2015.09.18.03.24.38 player moved left
NOTICE 2015.09.18.03.24.38 player moved left
NOTICE 2015.09.18.03.24.38 player moved left
NOTICE 2015.09.18.03.24.38 player moved left
NOTICE 2015.09.18.03.24.38 player moved left
NOTICE 2015.09.18.03.24.38 player moved left
NOTICE 2015.09.18.03.24.38 player moved left
NOTICE 2015.09.18.03.24.38 player moved left
NOTICE 2015.09.18.03.24.38 player moved left
NOTICE 2015.09.18.03.24.38 player moved left
NOTICE 2015.09.18.03.24.38 player moved left
NOTICE 2015.09.18.03.24.38 player moved left
NOTICE 2015.09.18.03.24.38 player moved left
NOTICE 2015.09.18.03.24.38 player moved left
NOTICE 2015.09.18.03.24.38 player moved left
NOTICE 2015.09.18.03.24.38 player moved left
NOTICE 2015.09.18.03.24.38 player moved left
NOTICE 2015.09.18.03.24.38 player moved left
NOTICE 2015.09.18.03.24.38 player moved left
NOTICE 2015.09.18.03.24.38 player moved left
NOTICE 2015.09.18.03.24.38 player moved left
NOTICE 2015.09.18.03.24.38 player moved left
NOTICE 2015.09.18.03.24.38 player moved left
NOTICE 2015.09.18.03.24.38 player moved left
NOTICE 2015.09.18.03.24.38 player moved left
NOTICE 2015.09.18.03.24.38 player moved left
NOTICE 2015.09.18.03.24.38 player moved left
NOTICE 2015.09.18.03.24.38 player moved left
NOTICE 2015.09.18.03.24.38 player moved left
NOTICE 2015.09.18.03.24.38 player moved left
NOTICE 2015.09.18.03.24.38 player moved left
NOTICE 2015.09.18.03.24.38 player moved left
NOTICE 2015.09.18.03.24.38 player moved right
NOTICE 2015.09.18.03.24.38 player moved right
NOTICE 2015.09.18.03.24.38 player moved right
NOTICE 2015.09.18.03.24.38 player moved right
NOTICE 2015.09.18.03.24.38 player moved right
NOTICE 2015.09.18.03.24.38 player moved right
NOTICE 2015.09.18.03.24.38 player moved right
NOTICE 2015.09.18.03.24.38 player moved right
NOTICE 2015.09.18.03.24.38 player moved right
NOTICE 2015.09.18.03.24.38 player moved right
NOTICE 2015.09.18.03.24.38 player moved right
NOTICE 2015.09.18.03.24.38 player moved right
NOTICE 2015.09.18.03.24.38 player moved right
NOTICE 2015.09.18.03.24.38 player died
NOTICE 2015.09.18.03.24.38 player moved right
NOTICE 2015.09.18.03.24.38 player died
NOTICE 2015.09.18.03.24.39 player moved right
NOTICE 2015.09.18.03.25.14 player moved down
NOTICE 2015.09.18.03.25.14 player moved down
NOTICE 2015.09.18.03.25.15 player moved down
NOTICE 2015.09.18.03.25.15 player moved down
NOTICE 2015.09.18.03.25.15 player moved down
NOTICE 2015.09.18.03.25.15 player moved down
NOTICE 2015.09.18.03.25.15 player moved down
NOTICE 2015.09.18.03.25.15 player moved down
NOTICE 2015.09.18.03.25.15 player moved down
NOTICE 2015.09.18.03.25.15 player moved down
NOTICE 2015.09.18.03.25.15 player moved down
NOTICE 2015.09.18.03.25.15 player moved down
NOTICE 2015.09.18.03.25.15 player moved down
NOTICE 2015.09.18.03.25.15 player moved down
NOTICE 2015.09.18.03.25.15 player moved down
NOTICE 2015.09.18.03.25.15 player moved down
NOTICE 2015.09.18.03.25.15 player moved down
NOTICE 2015.09.18.03.25.15 player moved down
NOTICE 2015.09.18.03.25.15 player moved down
NOTICE 2015.09.18.03.25.15 player moved down
NOTICE 2015.09.18.03.25.15 player moved down
NOTICE 2015.09.18.03.25.15 player moved down
NOTICE 2015.09.18.03.25.15 player moved down
NOTICE 2015.09.18.03.25.15 player moved down
NOTICE 2015.09.18.03.25.15 player moved down
NOTICE 2015.09.18.03.25.15 player moved down
NOTICE 2015.09.18.03.25.15 player moved down
NOTICE 2015.09.18.03.25.15 player moved down
NOTICE 2015.09.18.03.25.15 player moved down
NOTICE 2015.09.18.03.25.15 player moved down
NOTICE 2015.09.18.03.25.15 player moved down
NOTICE 2015.09.18.03.25.15 player moved down
NOTICE 2015.09.18.03.25.15 player moved down
NOTICE 2015.09.18.03.25.15 player moved down
NOTICE 2015.09.18.03.25.15 player moved down
NOTICE 2015.09.18.03.25.15 player moved down
NOTICE 2015.09.18.03.25.15 player moved down
NOTICE 2015.09.18.03.25.15 player moved down
NOTICE 2015.09.18.03.25.15 player moved down
NOTICE 2015.09.18.03.25.15 player moved down
NOTICE 2015.09.18.03.25.15 player moved down
NOTICE 2015.09.18.03.25.15 player moved down
NOTICE 2015.09.18.03.25.15 player moved down
NOTICE 2015.09.18.03.25.15 player moved down
NOTICE 2015.09.18.03.25.15 player moved down
NOTICE 2015.09.18.03.25.15 player moved down
NOTICE 2015.09.18.03.25.15 player moved down
NOTICE 2015.09.18.03.25.15 player moved down
NOTICE 2015.09.18.03.25.15 player moved down
NOTICE 2015.09.18.03.25.15 player moved down
NOTICE 2015.09.18.03.25.15 player moved down
NOTICE 2015.09.18.03.25.15 player moved down
NOTICE 2015.09.18.03.25.15 player moved down
NOTICE 2015.09.18.03.25.15 player moved down
NOTICE 2015.09.18.03.25.15 player moved down
NOTICE 2015.09.18.03.25.15 player moved down
NOTICE 2015.09.18.03.25.15 player moved down
NOTICE 2015.09.18.03.25.15 player moved down
NOTICE 2015.09.18.03.25.15 player moved down
NOTICE 2015.09.18.03.25.15 player moved down
NOTICE 2015.09.18.03.25.15 player moved down
NOTICE 2015.09.18.03.25.15 player moved down
NOTICE 2015.09.18.03.25.15 player moved down
NOTICE 2015.09.18.03.25.15 player moved down
NOTICE 2015.09.18.03.25.16 player moved down
NOTICE 2015.09.18.03.25.16 player moved down
NOTICE 2015.09.18.03.25.16 player moved down
NOTICE 2015.09.18.03.25.16 player moved down
NOTICE 2015.09.18.03.25.16 player moved down
NOTICE 2015.09.18.03.25.16 player moved down
NOTICE 2015.09.18.03.25.16 player moved down
NOTICE 2015.09.18.03.25.16 player moved down
NOTICE 2015.09.18.03.25.16 player moved down
NOTICE 2015.09.18.03.25.16 player moved down
NOTICE 2015.09.18.03.25.16 player moved down
NOTICE 2015.09.18.03.25.16 player moved down
NOTICE 2015.09.18.03.25.16 player moved down
NOTICE 2015.09.18.03.25.16 player moved down
NOTICE 2015.09.18.03.25.16 player moved down
NOTICE 2015.09.18.03.25.16 player moved down
NOTICE 2015.09.18.03.25.16 player moved down
NOTICE 2015.09.18.03.25.16 player moved down
NOTICE 2015.09.18.03.25.16 player moved down
NOTICE 2015.09.18.03.25.16 player moved down
NOTICE 2015.09.18.03.25.16 player moved down
NOTICE 2015.09.18.03.25.16 player moved down
NOTICE 2015.09.18.03.25.16 player moved down
NOTICE 2015.09.18.03.25.16 player moved down
NOTICE 2015.09.18.03.25.16 player moved down
NOTICE 2015.09.18.03.25.16 player moved down
NOTICE 2015.09.18.03.25.16 player scored: 10.0 points
NOTICE 2015.09.18.03.25.16 player moved down
NOTICE 2015.09.18.03.25.16 player moved down
NOTICE 2015.09.18.03.25.16 player moved down
NOTICE 2015.09.18.03.25.16 player moved down
NOTICE 2015.09.18.03.25.16 player moved down
NOTICE 2015.09.18.03.25.16 player moved down
NOTICE 2015.09.18.03.25.16 player moved down
NOTICE 2015.09.18.03.25.16 player moved down
NOTICE 2015.09.18.03.25.16 player moved down
NOTICE 2015.09.18.03.25.16 player moved down
NOTICE 2015.09.18.03.25.16 player moved down
NOTICE 2015.09.18.03.25.16 player moved down
NOTICE 2015.09.18.03.25.16 player moved down
NOTICE 2015.09.18.03.25.16 player moved down
NOTICE 2015.09.18.03.25.16 player moved down
NOTICE 2015.09.18.03.25.16 player moved down
NOTICE 2015.09.18.03.25.16 player moved down
NOTICE 2015.09.18.03.25.16 player moved down
NOTICE 2015.09.18.03.25.16 player moved down
NOTICE 2015.09.18.03.25.16 player moved down
NOTICE 2015.09.18.03.25.16 player moved down
NOTICE 2015.09.18.03.25.16 player moved down
NOTICE 2015.09.18.03.25.16 player moved down
NOTICE 2015.09.18.03.25.16 player moved down
NOTICE 2015.09.18.03.25.16 player moved down
NOTICE 2015.09.18.03.25.16 player died
NOTICE 2015.09.18.03.25.16 player moved down
NOTICE 2015.09.18.03.25.16 player died
NOTICE 2015.09.18.03.25.16 player moved down
